c:\dev\depot\students\ch18\alexander.soto\prog2\fieagameengine\build\obj\game.opengl.desktop\win32\debug\game.opengl.desktop.pch
c:\dev\depot\students\ch18\alexander.soto\prog2\fieagameengine\build\obj\game.opengl.desktop\win32\debug\vc142.pdb
c:\dev\depot\students\ch18\alexander.soto\prog2\fieagameengine\build\obj\game.opengl.desktop\win32\debug\vc142.idb
c:\dev\depot\students\ch18\alexander.soto\prog2\fieagameengine\build\obj\game.opengl.desktop\win32\debug\pch.xdc
c:\dev\depot\students\ch18\alexander.soto\prog2\fieagameengine\build\obj\game.opengl.desktop\win32\debug\pch.obj
c:\dev\depot\students\ch18\alexander.soto\prog2\fieagameengine\build\obj\game.opengl.desktop\win32\debug\program.xdc
c:\dev\depot\students\ch18\alexander.soto\prog2\fieagameengine\build\obj\game.opengl.desktop\win32\debug\program.obj
c:\dev\depot\students\ch18\alexander.soto\prog2\fieagameengine\build\obj\game.opengl.desktop\win32\debug\game.opengl.desktop.ilk
c:\dev\depot\students\ch18\alexander.soto\prog2\fieagameengine\build\bin\game.opengl.desktop\win32\debug\game.opengl.desktop.exe
c:\dev\depot\students\ch18\alexander.soto\prog2\fieagameengine\build\bin\game.opengl.desktop\win32\debug\game.opengl.desktop.pdb
c:\dev\depot\students\ch18\alexander.soto\prog2\fieagameengine\build\bin\game.opengl.desktop\win32\debug\game.opengl.desktop.xml
c:\dev\depot\students\ch18\alexander.soto\prog2\fieagameengine\build\obj\game.opengl.desktop\win32\debug\game.ope.aa481601.tlog\cl.command.1.tlog
c:\dev\depot\students\ch18\alexander.soto\prog2\fieagameengine\build\obj\game.opengl.desktop\win32\debug\game.ope.aa481601.tlog\cl.read.1.tlog
c:\dev\depot\students\ch18\alexander.soto\prog2\fieagameengine\build\obj\game.opengl.desktop\win32\debug\game.ope.aa481601.tlog\cl.write.1.tlog
c:\dev\depot\students\ch18\alexander.soto\prog2\fieagameengine\build\obj\game.opengl.desktop\win32\debug\game.ope.aa481601.tlog\link.command.1.tlog
c:\dev\depot\students\ch18\alexander.soto\prog2\fieagameengine\build\obj\game.opengl.desktop\win32\debug\game.ope.aa481601.tlog\link.read.1.tlog
c:\dev\depot\students\ch18\alexander.soto\prog2\fieagameengine\build\obj\game.opengl.desktop\win32\debug\game.ope.aa481601.tlog\link.write.1.tlog
c:\dev\depot\students\ch18\alexander.soto\prog2\fieagameengine\build\obj\game.opengl.desktop\win32\debug\game.ope.aa481601.tlog\xdcmake.command.1.tlog
c:\dev\depot\students\ch18\alexander.soto\prog2\fieagameengine\build\obj\game.opengl.desktop\win32\debug\game.ope.aa481601.tlog\xdcmake.read.1.tlog
c:\dev\depot\students\ch18\alexander.soto\prog2\fieagameengine\build\obj\game.opengl.desktop\win32\debug\game.ope.aa481601.tlog\xdcmake.write.1.tlog
