c:\dev\depot\students\ch18\alexander.soto\prog2\fieagameengine\build\obj\library.desktop\x64\release\library.desktop.pch
c:\dev\depot\students\ch18\alexander.soto\prog2\fieagameengine\build\bin\library.desktop\x64\release\library.desktop.pdb
c:\dev\depot\students\ch18\alexander.soto\prog2\fieagameengine\build\obj\library.desktop\x64\release\pch.xdc
c:\dev\depot\students\ch18\alexander.soto\prog2\fieagameengine\build\obj\library.desktop\x64\release\pch.obj
c:\dev\depot\students\ch18\alexander.soto\prog2\fieagameengine\build\obj\library.desktop\x64\release\action.xdc
c:\dev\depot\students\ch18\alexander.soto\prog2\fieagameengine\build\obj\library.desktop\x64\release\actioncreateaction.xdc
c:\dev\depot\students\ch18\alexander.soto\prog2\fieagameengine\build\obj\library.desktop\x64\release\actiondestroyaction.xdc
c:\dev\depot\students\ch18\alexander.soto\prog2\fieagameengine\build\obj\library.desktop\x64\release\actionifaction.xdc
c:\dev\depot\students\ch18\alexander.soto\prog2\fieagameengine\build\obj\library.desktop\x64\release\actionintegerincrement.xdc
c:\dev\depot\students\ch18\alexander.soto\prog2\fieagameengine\build\obj\library.desktop\x64\release\actionlist.xdc
c:\dev\depot\students\ch18\alexander.soto\prog2\fieagameengine\build\obj\library.desktop\x64\release\attributed.xdc
c:\dev\depot\students\ch18\alexander.soto\prog2\fieagameengine\build\obj\library.desktop\x64\release\datum.xdc
c:\dev\depot\students\ch18\alexander.soto\prog2\fieagameengine\build\obj\library.desktop\x64\release\eventpublisher.xdc
c:\dev\depot\students\ch18\alexander.soto\prog2\fieagameengine\build\obj\library.desktop\x64\release\eventqueue.xdc
c:\dev\depot\students\ch18\alexander.soto\prog2\fieagameengine\build\obj\library.desktop\x64\release\gameclock.xdc
c:\dev\depot\students\ch18\alexander.soto\prog2\fieagameengine\build\obj\library.desktop\x64\release\gameobject.xdc
c:\dev\depot\students\ch18\alexander.soto\prog2\fieagameengine\build\obj\library.desktop\x64\release\gamestate.xdc
c:\dev\depot\students\ch18\alexander.soto\prog2\fieagameengine\build\obj\library.desktop\x64\release\gametime.xdc
c:\dev\depot\students\ch18\alexander.soto\prog2\fieagameengine\build\obj\library.desktop\x64\release\ijsoncoordinator.xdc
c:\dev\depot\students\ch18\alexander.soto\prog2\fieagameengine\build\obj\library.desktop\x64\release\ijsonparsehelper.xdc
c:\dev\depot\students\ch18\alexander.soto\prog2\fieagameengine\build\obj\library.desktop\x64\release\jsonscopehelper.xdc
c:\dev\depot\students\ch18\alexander.soto\prog2\fieagameengine\build\obj\library.desktop\x64\release\scope.xdc
c:\dev\depot\students\ch18\alexander.soto\prog2\fieagameengine\build\obj\library.desktop\x64\release\scope.obj
c:\dev\depot\students\ch18\alexander.soto\prog2\fieagameengine\build\obj\library.desktop\x64\release\jsonscopehelper.obj
c:\dev\depot\students\ch18\alexander.soto\prog2\fieagameengine\build\obj\library.desktop\x64\release\ijsonparsehelper.obj
c:\dev\depot\students\ch18\alexander.soto\prog2\fieagameengine\build\obj\library.desktop\x64\release\ijsoncoordinator.obj
c:\dev\depot\students\ch18\alexander.soto\prog2\fieagameengine\build\obj\library.desktop\x64\release\gametime.obj
c:\dev\depot\students\ch18\alexander.soto\prog2\fieagameengine\build\obj\library.desktop\x64\release\gamestate.obj
c:\dev\depot\students\ch18\alexander.soto\prog2\fieagameengine\build\obj\library.desktop\x64\release\gameobject.obj
c:\dev\depot\students\ch18\alexander.soto\prog2\fieagameengine\build\obj\library.desktop\x64\release\gameclock.obj
c:\dev\depot\students\ch18\alexander.soto\prog2\fieagameengine\build\obj\library.desktop\x64\release\eventqueue.obj
c:\dev\depot\students\ch18\alexander.soto\prog2\fieagameengine\build\obj\library.desktop\x64\release\eventpublisher.obj
c:\dev\depot\students\ch18\alexander.soto\prog2\fieagameengine\build\obj\library.desktop\x64\release\datum.obj
c:\dev\depot\students\ch18\alexander.soto\prog2\fieagameengine\build\obj\library.desktop\x64\release\attributed.obj
c:\dev\depot\students\ch18\alexander.soto\prog2\fieagameengine\build\obj\library.desktop\x64\release\actionlist.obj
c:\dev\depot\students\ch18\alexander.soto\prog2\fieagameengine\build\obj\library.desktop\x64\release\actionintegerincrement.obj
c:\dev\depot\students\ch18\alexander.soto\prog2\fieagameengine\build\obj\library.desktop\x64\release\actionifaction.obj
c:\dev\depot\students\ch18\alexander.soto\prog2\fieagameengine\build\obj\library.desktop\x64\release\actiondestroyaction.obj
c:\dev\depot\students\ch18\alexander.soto\prog2\fieagameengine\build\obj\library.desktop\x64\release\actioncreateaction.obj
c:\dev\depot\students\ch18\alexander.soto\prog2\fieagameengine\build\obj\library.desktop\x64\release\action.obj
c:\dev\depot\students\ch18\alexander.soto\prog2\fieagameengine\build\bin\library.desktop\x64\release\library.desktop.lib
c:\dev\depot\students\ch18\alexander.soto\prog2\fieagameengine\build\bin\library.desktop\x64\release\library.desktop.xml
c:\dev\depot\students\ch18\alexander.soto\prog2\fieagameengine\build\obj\library.desktop\x64\release\library.desktop.tlog\cl.command.1.tlog
c:\dev\depot\students\ch18\alexander.soto\prog2\fieagameengine\build\obj\library.desktop\x64\release\library.desktop.tlog\cl.read.1.tlog
c:\dev\depot\students\ch18\alexander.soto\prog2\fieagameengine\build\obj\library.desktop\x64\release\library.desktop.tlog\cl.write.1.tlog
c:\dev\depot\students\ch18\alexander.soto\prog2\fieagameengine\build\obj\library.desktop\x64\release\library.desktop.tlog\lib-link.read.1.tlog
c:\dev\depot\students\ch18\alexander.soto\prog2\fieagameengine\build\obj\library.desktop\x64\release\library.desktop.tlog\lib-link.write.1.tlog
c:\dev\depot\students\ch18\alexander.soto\prog2\fieagameengine\build\obj\library.desktop\x64\release\library.desktop.tlog\lib.command.1.tlog
c:\dev\depot\students\ch18\alexander.soto\prog2\fieagameengine\build\obj\library.desktop\x64\release\library.desktop.tlog\xdcmake.command.1.tlog
c:\dev\depot\students\ch18\alexander.soto\prog2\fieagameengine\build\obj\library.desktop\x64\release\library.desktop.tlog\xdcmake.read.1.tlog
c:\dev\depot\students\ch18\alexander.soto\prog2\fieagameengine\build\obj\library.desktop\x64\release\library.desktop.tlog\xdcmake.write.1.tlog
