c:\dev\depot\students\ch18\alexander.soto\prog2\fieagameengine\build\obj\library.desktop\win32\debug\library.desktop.pch
c:\dev\depot\students\ch18\alexander.soto\prog2\fieagameengine\build\bin\library.desktop\win32\debug\library.desktop.pdb
c:\dev\depot\students\ch18\alexander.soto\prog2\fieagameengine\build\bin\library.desktop\win32\debug\library.desktop.idb
c:\dev\depot\students\ch18\alexander.soto\prog2\fieagameengine\build\obj\library.desktop\win32\debug\pch.xdc
c:\dev\depot\students\ch18\alexander.soto\prog2\fieagameengine\build\obj\library.desktop\win32\debug\pch.obj
c:\dev\depot\students\ch18\alexander.soto\prog2\fieagameengine\build\obj\library.desktop\win32\debug\action.xdc
c:\dev\depot\students\ch18\alexander.soto\prog2\fieagameengine\build\obj\library.desktop\win32\debug\actioncreateaction.xdc
c:\dev\depot\students\ch18\alexander.soto\prog2\fieagameengine\build\obj\library.desktop\win32\debug\actiondestroyaction.xdc
c:\dev\depot\students\ch18\alexander.soto\prog2\fieagameengine\build\obj\library.desktop\win32\debug\actionifaction.xdc
c:\dev\depot\students\ch18\alexander.soto\prog2\fieagameengine\build\obj\library.desktop\win32\debug\actionintegerincrement.xdc
c:\dev\depot\students\ch18\alexander.soto\prog2\fieagameengine\build\obj\library.desktop\win32\debug\actionlist.xdc
c:\dev\depot\students\ch18\alexander.soto\prog2\fieagameengine\build\obj\library.desktop\win32\debug\attributed.xdc
c:\dev\depot\students\ch18\alexander.soto\prog2\fieagameengine\build\obj\library.desktop\win32\debug\datum.xdc
c:\dev\depot\students\ch18\alexander.soto\prog2\fieagameengine\build\obj\library.desktop\win32\debug\eventpublisher.xdc
c:\dev\depot\students\ch18\alexander.soto\prog2\fieagameengine\build\obj\library.desktop\win32\debug\eventqueue.xdc
c:\dev\depot\students\ch18\alexander.soto\prog2\fieagameengine\build\obj\library.desktop\win32\debug\gameclock.xdc
c:\dev\depot\students\ch18\alexander.soto\prog2\fieagameengine\build\obj\library.desktop\win32\debug\gameobject.xdc
c:\dev\depot\students\ch18\alexander.soto\prog2\fieagameengine\build\obj\library.desktop\win32\debug\gamestate.xdc
c:\dev\depot\students\ch18\alexander.soto\prog2\fieagameengine\build\obj\library.desktop\win32\debug\gametime.xdc
c:\dev\depot\students\ch18\alexander.soto\prog2\fieagameengine\build\obj\library.desktop\win32\debug\ijsoncoordinator.xdc
c:\dev\depot\students\ch18\alexander.soto\prog2\fieagameengine\build\obj\library.desktop\win32\debug\ijsonparsehelper.xdc
c:\dev\depot\students\ch18\alexander.soto\prog2\fieagameengine\build\obj\library.desktop\win32\debug\jsonscopehelper.xdc
c:\dev\depot\students\ch18\alexander.soto\prog2\fieagameengine\build\obj\library.desktop\win32\debug\scope.xdc
c:\dev\depot\students\ch18\alexander.soto\prog2\fieagameengine\build\obj\library.desktop\win32\debug\scope.obj
c:\dev\depot\students\ch18\alexander.soto\prog2\fieagameengine\build\obj\library.desktop\win32\debug\jsonscopehelper.obj
c:\dev\depot\students\ch18\alexander.soto\prog2\fieagameengine\build\obj\library.desktop\win32\debug\ijsonparsehelper.obj
c:\dev\depot\students\ch18\alexander.soto\prog2\fieagameengine\build\obj\library.desktop\win32\debug\ijsoncoordinator.obj
c:\dev\depot\students\ch18\alexander.soto\prog2\fieagameengine\build\obj\library.desktop\win32\debug\gametime.obj
c:\dev\depot\students\ch18\alexander.soto\prog2\fieagameengine\build\obj\library.desktop\win32\debug\gamestate.obj
c:\dev\depot\students\ch18\alexander.soto\prog2\fieagameengine\build\obj\library.desktop\win32\debug\gameobject.obj
c:\dev\depot\students\ch18\alexander.soto\prog2\fieagameengine\build\obj\library.desktop\win32\debug\gameclock.obj
c:\dev\depot\students\ch18\alexander.soto\prog2\fieagameengine\build\obj\library.desktop\win32\debug\eventqueue.obj
c:\dev\depot\students\ch18\alexander.soto\prog2\fieagameengine\build\obj\library.desktop\win32\debug\eventpublisher.obj
c:\dev\depot\students\ch18\alexander.soto\prog2\fieagameengine\build\obj\library.desktop\win32\debug\datum.obj
c:\dev\depot\students\ch18\alexander.soto\prog2\fieagameengine\build\obj\library.desktop\win32\debug\attributed.obj
c:\dev\depot\students\ch18\alexander.soto\prog2\fieagameengine\build\obj\library.desktop\win32\debug\actionlist.obj
c:\dev\depot\students\ch18\alexander.soto\prog2\fieagameengine\build\obj\library.desktop\win32\debug\actionintegerincrement.obj
c:\dev\depot\students\ch18\alexander.soto\prog2\fieagameengine\build\obj\library.desktop\win32\debug\actionifaction.obj
c:\dev\depot\students\ch18\alexander.soto\prog2\fieagameengine\build\obj\library.desktop\win32\debug\actiondestroyaction.obj
c:\dev\depot\students\ch18\alexander.soto\prog2\fieagameengine\build\obj\library.desktop\win32\debug\actioncreateaction.obj
c:\dev\depot\students\ch18\alexander.soto\prog2\fieagameengine\build\obj\library.desktop\win32\debug\action.obj
c:\dev\depot\students\ch18\alexander.soto\prog2\fieagameengine\build\bin\library.desktop\win32\debug\library.desktop.lib
c:\dev\depot\students\ch18\alexander.soto\prog2\fieagameengine\build\bin\library.desktop\win32\debug\library.desktop.xml
c:\dev\depot\students\ch18\alexander.soto\prog2\fieagameengine\build\obj\library.desktop\win32\debug\library.desktop.tlog\cl.command.1.tlog
c:\dev\depot\students\ch18\alexander.soto\prog2\fieagameengine\build\obj\library.desktop\win32\debug\library.desktop.tlog\cl.read.1.tlog
c:\dev\depot\students\ch18\alexander.soto\prog2\fieagameengine\build\obj\library.desktop\win32\debug\library.desktop.tlog\cl.write.1.tlog
c:\dev\depot\students\ch18\alexander.soto\prog2\fieagameengine\build\obj\library.desktop\win32\debug\library.desktop.tlog\lib-link.read.1.tlog
c:\dev\depot\students\ch18\alexander.soto\prog2\fieagameengine\build\obj\library.desktop\win32\debug\library.desktop.tlog\lib-link.write.1.tlog
c:\dev\depot\students\ch18\alexander.soto\prog2\fieagameengine\build\obj\library.desktop\win32\debug\library.desktop.tlog\lib.command.1.tlog
c:\dev\depot\students\ch18\alexander.soto\prog2\fieagameengine\build\obj\library.desktop\win32\debug\library.desktop.tlog\xdcmake.command.1.tlog
c:\dev\depot\students\ch18\alexander.soto\prog2\fieagameengine\build\obj\library.desktop\win32\debug\library.desktop.tlog\xdcmake.read.1.tlog
c:\dev\depot\students\ch18\alexander.soto\prog2\fieagameengine\build\obj\library.desktop\win32\debug\library.desktop.tlog\xdcmake.write.1.tlog
