c:\dev\depot\students\ch18\alexander.soto\prog2\fieagameengine\build\obj\game.opengl.desktop\x64\release\game.opengl.desktop.pch
c:\dev\depot\students\ch18\alexander.soto\prog2\fieagameengine\build\obj\game.opengl.desktop\x64\release\vc142.pdb
c:\dev\depot\students\ch18\alexander.soto\prog2\fieagameengine\build\obj\game.opengl.desktop\x64\release\pch.xdc
c:\dev\depot\students\ch18\alexander.soto\prog2\fieagameengine\build\obj\game.opengl.desktop\x64\release\pch.obj
c:\dev\depot\students\ch18\alexander.soto\prog2\fieagameengine\build\obj\game.opengl.desktop\x64\release\program.xdc
c:\dev\depot\students\ch18\alexander.soto\prog2\fieagameengine\build\obj\game.opengl.desktop\x64\release\program.obj
c:\dev\depot\students\ch18\alexander.soto\prog2\fieagameengine\build\bin\game.opengl.desktop\x64\release\game.opengl.desktop.exe
c:\dev\depot\students\ch18\alexander.soto\prog2\fieagameengine\build\obj\game.opengl.desktop\x64\release\game.opengl.desktop.ipdb
c:\dev\depot\students\ch18\alexander.soto\prog2\fieagameengine\build\obj\game.opengl.desktop\x64\release\game.opengl.desktop.iobj
c:\dev\depot\students\ch18\alexander.soto\prog2\fieagameengine\build\bin\game.opengl.desktop\x64\release\game.opengl.desktop.pdb
c:\dev\depot\students\ch18\alexander.soto\prog2\fieagameengine\build\bin\game.opengl.desktop\x64\release\game.opengl.desktop.xml
c:\dev\depot\students\ch18\alexander.soto\prog2\fieagameengine\build\obj\game.opengl.desktop\x64\release\game.ope.aa481601.tlog\cl.command.1.tlog
c:\dev\depot\students\ch18\alexander.soto\prog2\fieagameengine\build\obj\game.opengl.desktop\x64\release\game.ope.aa481601.tlog\cl.read.1.tlog
c:\dev\depot\students\ch18\alexander.soto\prog2\fieagameengine\build\obj\game.opengl.desktop\x64\release\game.ope.aa481601.tlog\cl.write.1.tlog
c:\dev\depot\students\ch18\alexander.soto\prog2\fieagameengine\build\obj\game.opengl.desktop\x64\release\game.ope.aa481601.tlog\link.command.1.tlog
c:\dev\depot\students\ch18\alexander.soto\prog2\fieagameengine\build\obj\game.opengl.desktop\x64\release\game.ope.aa481601.tlog\link.read.1.tlog
c:\dev\depot\students\ch18\alexander.soto\prog2\fieagameengine\build\obj\game.opengl.desktop\x64\release\game.ope.aa481601.tlog\link.write.1.tlog
c:\dev\depot\students\ch18\alexander.soto\prog2\fieagameengine\build\obj\game.opengl.desktop\x64\release\game.ope.aa481601.tlog\xdcmake.command.1.tlog
c:\dev\depot\students\ch18\alexander.soto\prog2\fieagameengine\build\obj\game.opengl.desktop\x64\release\game.ope.aa481601.tlog\xdcmake.read.1.tlog
c:\dev\depot\students\ch18\alexander.soto\prog2\fieagameengine\build\obj\game.opengl.desktop\x64\release\game.ope.aa481601.tlog\xdcmake.write.1.tlog
