c:\dev\depot\students\ch18\alexander.soto\prog2\fieagameengine\build\obj\game.directx.desktop\x64\release\game.directx.desktop.pch
c:\dev\depot\students\ch18\alexander.soto\prog2\fieagameengine\build\obj\game.directx.desktop\x64\release\vc142.pdb
c:\dev\depot\students\ch18\alexander.soto\prog2\fieagameengine\build\obj\game.directx.desktop\x64\release\pch.xdc
c:\dev\depot\students\ch18\alexander.soto\prog2\fieagameengine\build\obj\game.directx.desktop\x64\release\pch.obj
c:\dev\depot\students\ch18\alexander.soto\prog2\fieagameengine\build\obj\game.directx.desktop\x64\release\program.xdc
c:\dev\depot\students\ch18\alexander.soto\prog2\fieagameengine\build\obj\game.directx.desktop\x64\release\program.obj
c:\dev\depot\students\ch18\alexander.soto\prog2\fieagameengine\build\bin\game.directx.desktop\x64\release\game.directx.desktop.exe
c:\dev\depot\students\ch18\alexander.soto\prog2\fieagameengine\build\obj\game.directx.desktop\x64\release\game.directx.desktop.ipdb
c:\dev\depot\students\ch18\alexander.soto\prog2\fieagameengine\build\obj\game.directx.desktop\x64\release\game.directx.desktop.iobj
c:\dev\depot\students\ch18\alexander.soto\prog2\fieagameengine\build\bin\game.directx.desktop\x64\release\game.directx.desktop.pdb
c:\dev\depot\students\ch18\alexander.soto\prog2\fieagameengine\build\bin\game.directx.desktop\x64\release\game.directx.desktop.xml
c:\dev\depot\students\ch18\alexander.soto\prog2\fieagameengine\build\obj\game.directx.desktop\x64\release\game.dir.7601a793.tlog\cl.command.1.tlog
c:\dev\depot\students\ch18\alexander.soto\prog2\fieagameengine\build\obj\game.directx.desktop\x64\release\game.dir.7601a793.tlog\cl.read.1.tlog
c:\dev\depot\students\ch18\alexander.soto\prog2\fieagameengine\build\obj\game.directx.desktop\x64\release\game.dir.7601a793.tlog\cl.write.1.tlog
c:\dev\depot\students\ch18\alexander.soto\prog2\fieagameengine\build\obj\game.directx.desktop\x64\release\game.dir.7601a793.tlog\link.command.1.tlog
c:\dev\depot\students\ch18\alexander.soto\prog2\fieagameengine\build\obj\game.directx.desktop\x64\release\game.dir.7601a793.tlog\link.read.1.tlog
c:\dev\depot\students\ch18\alexander.soto\prog2\fieagameengine\build\obj\game.directx.desktop\x64\release\game.dir.7601a793.tlog\link.write.1.tlog
c:\dev\depot\students\ch18\alexander.soto\prog2\fieagameengine\build\obj\game.directx.desktop\x64\release\game.dir.7601a793.tlog\xdcmake.command.1.tlog
c:\dev\depot\students\ch18\alexander.soto\prog2\fieagameengine\build\obj\game.directx.desktop\x64\release\game.dir.7601a793.tlog\xdcmake.read.1.tlog
c:\dev\depot\students\ch18\alexander.soto\prog2\fieagameengine\build\obj\game.directx.desktop\x64\release\game.dir.7601a793.tlog\xdcmake.write.1.tlog
